<?xml version="1.0" encoding="UTF-8"?>
<!-- Generated by org.testng.reporters.JUnitXMLReporter -->
<testsuite hostname="YLT" name="Surefire test" tests="2" failures="0" timestamp="25 Jul 2018 06:16:03 GMT" time="5.018" errors="0">
  <testcase name="timeTest on timeTest(cn.springmvc.test.calculateIntimacyTest)" time="4.866" classname="cn.springmvc.test.calculateIntimacyTest"/>
  <testcase name="getResult on getResult(cn.springmvc.test.getUserLanguageTest)" time="0.004" classname="cn.springmvc.test.getUserLanguageTest"/>
</testsuite> <!-- Surefire test -->
