<?xml version="1.0" encoding="UTF-8"?>
<testsuite xmlns:xsi="http://www.w3.org/2001/XMLSchema-instance" xsi:schemaLocation="https://maven.apache.org/surefire/maven-surefire-plugin/xsd/surefire-test-report.xsd" name="TestSuite" time="5.505" tests="2" errors="0" skipped="0" failures="0">
  <properties>
[...]
</properties>
  <testcase name="timeTest on timeTest(cn.springmvc.test.calculateIntimacyTest)" classname="cn.springmvc.test.calculateIntimacyTest" time="3.532"/>
  <testcase name="getResult on getResult(cn.springmvc.test.getUserLanguageTest)" classname="cn.springmvc.test.getUserLanguageTest" time="0.001"/>
</testsuite>